D:\WINDOWS_RESEARCH2\FFPLAY_SDL2\DEBUG\FFPLAY2.OBJ
D:\WINDOWS_RESEARCH2\FFPLAY_SDL2\DEBUG\VC110.PDB
D:\WINDOWS_RESEARCH2\FFPLAY_SDL2\DEBUG\FFPLAY_SDL2.ILK
D:\WINDOWS_RESEARCH2\FFPLAY_SDL2\DEBUG\FFPLAY_SDL2.EXE
D:\WINDOWS_RESEARCH2\FFPLAY_SDL2\DEBUG\FFPLAY_SDL2.PDB
D:\windows_research2\ffplay_sdl2\Debug\ffplay2.obj
D:\windows_research2\ffplay_sdl2\Debug\ffplay_sdl2.ilk
D:\windows_research2\ffplay_sdl2\Debug\cl.command.1.tlog
D:\windows_research2\ffplay_sdl2\Debug\CL.read.1.tlog
D:\windows_research2\ffplay_sdl2\Debug\CL.write.1.tlog
D:\windows_research2\ffplay_sdl2\Debug\link-cvtres.read.1.tlog
D:\windows_research2\ffplay_sdl2\Debug\link-cvtres.write.1.tlog
D:\windows_research2\ffplay_sdl2\Debug\link-rc.read.1.tlog
D:\windows_research2\ffplay_sdl2\Debug\link-rc.write.1.tlog
D:\windows_research2\ffplay_sdl2\Debug\link.16772-cvtres.read.1.tlog
D:\windows_research2\ffplay_sdl2\Debug\link.16772-cvtres.write.1.tlog
D:\windows_research2\ffplay_sdl2\Debug\link.16772-rc.read.1.tlog
D:\windows_research2\ffplay_sdl2\Debug\link.16772-rc.write.1.tlog
D:\windows_research2\ffplay_sdl2\Debug\link.16772.read.1.tlog
D:\windows_research2\ffplay_sdl2\Debug\link.16772.write.1.tlog
D:\windows_research2\ffplay_sdl2\Debug\link.68308-cvtres.read.1.tlog
D:\windows_research2\ffplay_sdl2\Debug\link.68308-cvtres.write.1.tlog
D:\windows_research2\ffplay_sdl2\Debug\link.68308-rc.read.1.tlog
D:\windows_research2\ffplay_sdl2\Debug\link.68308-rc.write.1.tlog
D:\windows_research2\ffplay_sdl2\Debug\link.68308.read.1.tlog
D:\windows_research2\ffplay_sdl2\Debug\link.68308.write.1.tlog
D:\windows_research2\ffplay_sdl2\Debug\link.72572-cvtres.read.1.tlog
D:\windows_research2\ffplay_sdl2\Debug\link.72572-cvtres.write.1.tlog
D:\windows_research2\ffplay_sdl2\Debug\link.72572-rc.read.1.tlog
D:\windows_research2\ffplay_sdl2\Debug\link.72572-rc.write.1.tlog
D:\windows_research2\ffplay_sdl2\Debug\link.72572.read.1.tlog
D:\windows_research2\ffplay_sdl2\Debug\link.72572.write.1.tlog
D:\windows_research2\ffplay_sdl2\Debug\link.77760-cvtres.read.1.tlog
D:\windows_research2\ffplay_sdl2\Debug\link.77760-cvtres.write.1.tlog
D:\windows_research2\ffplay_sdl2\Debug\link.77760-rc.read.1.tlog
D:\windows_research2\ffplay_sdl2\Debug\link.77760-rc.write.1.tlog
D:\windows_research2\ffplay_sdl2\Debug\link.77760.read.1.tlog
D:\windows_research2\ffplay_sdl2\Debug\link.77760.write.1.tlog
D:\windows_research2\ffplay_sdl2\Debug\link.command.1.tlog
D:\windows_research2\ffplay_sdl2\Debug\link.read.1.tlog
D:\windows_research2\ffplay_sdl2\Debug\link.write.1.tlog
D:\windows_research2\ffplay_sdl2\Debug\vc110.idb
D:\windows_research2\ffplay_sdl2\Debug\ffplay_sdl2.pdb
D:\windows_research2\ffplay_sdl2\Debug\vc110.pdb
D:\windows_research2\ffplay_sdl2\Debug\ffplay_sdl2.exe
