C:\Users\XY\Desktop\Work\ffplayer\MyQtPlayer\MyQtPlayer\Debug\cl.command.1.tlog
C:\Users\XY\Desktop\Work\ffplayer\MyQtPlayer\MyQtPlayer\Debug\CL.read.1.tlog
C:\Users\XY\Desktop\Work\ffplayer\MyQtPlayer\MyQtPlayer\Debug\CL.write.1.tlog
C:\USERS\XY\DESKTOP\WORK\FFPLAYER\MYQTPLAYER\MYQTPLAYER\DEBUG\CONTROLBTN.OBJ
C:\Users\XY\Desktop\Work\ffplayer\MyQtPlayer\MyQtPlayer\Debug\custombuild.command.1.tlog
C:\Users\XY\Desktop\Work\ffplayer\MyQtPlayer\MyQtPlayer\Debug\custombuild.read.1.tlog
C:\Users\XY\Desktop\Work\ffplayer\MyQtPlayer\MyQtPlayer\Debug\custombuild.write.1.tlog
C:\USERS\XY\DESKTOP\WORK\FFPLAYER\MYQTPLAYER\MYQTPLAYER\DEBUG\FFPLAY.OBJ
C:\Users\XY\Desktop\Work\ffplayer\MyQtPlayer\MyQtPlayer\Debug\link.command.1.tlog
C:\Users\XY\Desktop\Work\ffplayer\MyQtPlayer\MyQtPlayer\Debug\link.read.1.tlog
C:\Users\XY\Desktop\Work\ffplayer\MyQtPlayer\MyQtPlayer\Debug\link.write.1.tlog
C:\USERS\XY\DESKTOP\WORK\FFPLAYER\MYQTPLAYER\MYQTPLAYER\DEBUG\MAIN.OBJ
C:\USERS\XY\DESKTOP\WORK\FFPLAYER\MYQTPLAYER\MYQTPLAYER\DEBUG\MOC_CONTROLBTN.OBJ
C:\Users\XY\Desktop\Work\ffplayer\MyQtPlayer\MyQtPlayer\Debug\MyQtPlayer.write.1.tlog
C:\USERS\XY\DESKTOP\WORK\FFPLAYER\MYQTPLAYER\MYQTPLAYER\DEBUG\VC100.PDB
C:\USERS\XY\DESKTOP\WORK\FFPLAYER\MYQTPLAYER\MYQTPLAYER\GENERATEDFILES\DEBUG\MOC_CONTROLBTN.CPP
C:\USERS\XY\DESKTOP\WORK\FFPLAYER\MYQTPLAYER\MYQTPLAYER\GENERATEDFILES\UI_CONTROLBTN.H
C:\USERS\XY\DESKTOP\WORK\FFPLAYER\MYQTPLAYER\MYQTPLAYER\GENERATEDFILES\UI_MYQTPLAYER.H
C:\USERS\XY\DESKTOP\WORK\FFPLAYER\MYQTPLAYER\WIN32\DEBUG\MYQTPLAYER.EXE
C:\USERS\XY\DESKTOP\WORK\FFPLAYER\MYQTPLAYER\WIN32\DEBUG\MYQTPLAYER.ILK
C:\USERS\XY\DESKTOP\WORK\FFPLAYER\MYQTPLAYER\WIN32\DEBUG\MYQTPLAYER.PDB
