生成启动时间为 24/12/2016 PM 2:48:49。
项目“C:\Users\XY\Desktop\MyQtPlayer\MyQtPlayer\MyQtPlayer.vcxproj”在节点 2 上(build 个目标)。
InitializeBuildStatus:
  正在创建“Debug\MyQtPlayer.unsuccessfulbuild”，因为已指定“AlwaysCreate”。
CustomBuild:
  所有输出均为最新。
ClCompile:
  c:\Program Files\Microsoft Visual Studio 10.0\VC\bin\CL.exe /c /I.\include\SDL2 /I.\include /IC:\Qt\4.8.6\include /I.\GeneratedFiles\Debug /IC:\Qt\4.8.6\include\QtCore /IC:\Qt\4.8.6\include\QtGui /IC:\Qt\4.8.6\include\phonon /IC:\Qt\4.8.6\include\QtMultimedia /Zi /nologo /W1 /WX- /Od /Oy- /D UNICODE /D WIN32 /D QT_DLL /D QT_CORE_LIB /D QT_GUI_LIB /D QT_PHONON_LIB /D QT_MULTIMEDIA_LIB /Gm- /EHsc /MDd /GS /fp:precise /Zc:wchar_t- /Zc:forScope /Fo"Debug\\" /Fd"Debug\vc100.pdb" /Gd /TP /analyze- /errorReport:prompt ffplay.cpp
  ffplay.cpp
Link:
  c:\Program Files\Microsoft Visual Studio 10.0\VC\bin\link.exe /ERRORREPORT:PROMPT /OUT:"C:\Users\XY\Desktop\MyQtPlayer\Win32\Debug\\MyQtPlayer.exe" /NOLOGO /LIBPATH:.\lib /LIBPATH:C:\Qt\4.8.6\lib qtmaind.lib QtCored4.lib QtGuid4.lib phonond4.lib QtMultimediad4.lib avcodec.lib avdevice.lib avfilter.lib avformat.lib avutil.lib swresample.lib swscale.lib SDL2.lib SDL2main.lib kernel32.lib user32.lib gdi32.lib winspool.lib comdlg32.lib advapi32.lib shell32.lib ole32.lib oleaut32.lib uuid.lib odbc32.lib odbccp32.lib /MANIFEST /ManifestFile:"Debug\MyQtPlayer.exe.intermediate.manifest" /MANIFESTUAC:"level='asInvoker' uiAccess='false'" /DEBUG /PDB:"C:\Users\XY\Desktop\MyQtPlayer\Win32\Debug\MyQtPlayer.pdb" /SUBSYSTEM:WINDOWS /TLBID:1 /DYNAMICBASE /NXCOMPAT /IMPLIB:"C:\Users\XY\Desktop\MyQtPlayer\Win32\Debug\MyQtPlayer.lib" /MACHINE:X86 Debug\ffplay.obj
  Debug\main.obj
  LINK : 没有找到 C:\Users\XY\Desktop\MyQtPlayer\Win32\Debug\\MyQtPlayer.exe 或上一个增量链接没有生成它；正在执行完全链接
  MyQtPlayer.vcxproj -> C:\Users\XY\Desktop\MyQtPlayer\Win32\Debug\MyQtPlayer.exe
Manifest:
  c:\Program Files\Microsoft SDKs\Windows\v7.0A\bin\mt.exe /nologo /verbose /outputresource:"C:\Users\XY\Desktop\MyQtPlayer\Win32\Debug\\MyQtPlayer.exe;#1" /manifest Debug\MyQtPlayer.exe.intermediate.manifest
FinalizeBuildStatus:
  正在删除文件“Debug\MyQtPlayer.unsuccessfulbuild”。
  正在对“Debug\MyQtPlayer.lastbuildstate”执行 Touch 任务。
已完成生成项目“C:\Users\XY\Desktop\MyQtPlayer\MyQtPlayer\MyQtPlayer.vcxproj”(build 个目标)的操作。

生成成功。

已用时间 00:00:01.98
